Using pre-set license
Built from '2020.3/staging' branch; Version is '2020.3.16f1 (049d6eca3c44) revision 302446'; Using compiler version '192528614'; Build Type 'Release'
OS: 'Windows 10 Home Single Language; OS build 18363.1556; Version 1909; 64bit' Language: 'es' Physical Memory: 11741 MB
BatchMode: 1, IsHumanControllingUs: 0, StartBugReporterOnCrash: 0, Is64bit: 1, IsPro: 0

 COMMAND LINE ARGUMENTS:
C:\Program Files\Unity\Hub\Editor\2020.3.16f1\Editor\Unity.exe
-adb2
-batchMode
-noUpm
-name
AssetImportWorker0
-projectPath
C:/Users/luise/Downloads/Documentos Escuela/UAT/7mo Semestre/Realidad Virtual/DERV_0_Unidad_1_Progs
-logFile
Logs/AssetImportWorker0.log
-srvPort
50857
Successfully changed project path to: C:/Users/luise/Downloads/Documentos Escuela/UAT/7mo Semestre/Realidad Virtual/DERV_0_Unidad_1_Progs
C:/Users/luise/Downloads/Documentos Escuela/UAT/7mo Semestre/Realidad Virtual/DERV_0_Unidad_1_Progs
Using Asset Import Pipeline V2.
Assets/Prefabs/CabañaMedieval/ultimate building/ultimate building.c4d: Unity no longer supports importing Cinema 4D files directly, but we're working with Maxon to make the experience better. To import Cinema 4D files, install Maxon's external importer. You can find more information on the Unity Forum: https://on.unity.com/c4d.

Please note that FBX files exported from Cinema4D are still supported.

Refreshing native plugins compatible for Editor in 117.32 ms, found 2 plugins.
Preloading 0 native plugins for Editor in 0.00 ms.
Initialize engine version: 2020.3.16f1 (049d6eca3c44)
[Subsystems] Discovering subsystems at path C:/Program Files/Unity/Hub/Editor/2020.3.16f1/Editor/Data/Resources/UnitySubsystems
[Subsystems] Discovering subsystems at path C:/Users/luise/Downloads/Documentos Escuela/UAT/7mo Semestre/Realidad Virtual/DERV_0_Unidad_1_Progs/Assets
GfxDevice: creating device client; threaded=0
Direct3D:
    Version:  Direct3D 11.0 [level 11.1]
    Renderer: AMD Radeon(TM) R5 Graphics (ID=0x98e4)
    Vendor:   
    VRAM:     5870 MB
    Driver:   27.20.1034.6
Initialize mono
Mono path[0] = 'C:/Program Files/Unity/Hub/Editor/2020.3.16f1/Editor/Data/Managed'
Mono path[1] = 'C:/Program Files/Unity/Hub/Editor/2020.3.16f1/Editor/Data/MonoBleedingEdge/lib/mono/unityjit'
Mono config path = 'C:/Program Files/Unity/Hub/Editor/2020.3.16f1/Editor/Data/MonoBleedingEdge/etc'
Using monoOptions --debugger-agent=transport=dt_socket,embedding=1,server=y,suspend=n,address=127.0.0.1:56072
Begin MonoManager ReloadAssembly
Registering precompiled unity dll's ...
Register platform support module: C:/Program Files/Unity/Hub/Editor/2020.3.16f1/Editor/Data/PlaybackEngines/WebGLSupport/UnityEditor.WebGL.Extensions.dll
Register platform support module: C:/Program Files/Unity/Hub/Editor/2020.3.16f1/Editor/Data/PlaybackEngines/WindowsStandaloneSupport/UnityEditor.WindowsStandalone.Extensions.dll
Registered in 0.013220 seconds.
Native extension for WindowsStandalone target not found
Native extension for WebGL target not found
Assets/Prefabs/CabañaMedieval/ultimate building/ultimate building.c4d: Unity no longer supports importing Cinema 4D files directly, but we're working with Maxon to make the experience better. To import Cinema 4D files, install Maxon's external importer. You can find more information on the Unity Forum: https://on.unity.com/c4d.

Please note that FBX files exported from Cinema4D are still supported.

Refreshing native plugins compatible for Editor in 98.40 ms, found 2 plugins.
Preloading 0 native plugins for Editor in 0.00 ms.
Mono: successfully reloaded assembly
- Completed reload, in  3.665 seconds
Domain Reload Profiling:
	ReloadAssembly (3666ms)
		BeginReloadAssembly (155ms)
			ExecutionOrderSort (0ms)
			DisableScriptedObjects (0ms)
			BackupInstance (0ms)
			ReleaseScriptingObjects (0ms)
			CreateAndSetChildDomain (2ms)
		EndReloadAssembly (1345ms)
			LoadAssemblies (150ms)
			RebuildTransferFunctionScriptingTraits (1ms)
			SetupTypeCache (525ms)
			ReleaseScriptCaches (0ms)
			RebuildScriptCaches (105ms)
			SetupLoadedEditorAssemblies (491ms)
				LogAssemblyErrors (0ms)
				InitializePlatformSupportModulesInManaged (18ms)
				SetLoadedEditorAssemblies (1ms)
				RefreshPlugins (99ms)
				BeforeProcessingInitializeOnLoad (35ms)
				ProcessInitializeOnLoadAttributes (250ms)
				ProcessInitializeOnLoadMethodAttributes (87ms)
				AfterProcessingInitializeOnLoad (0ms)
				EditorAssembliesLoaded (1ms)
			ExecutionOrderSort2 (0ms)
			AwakeInstancesAfterBackupRestoration (0ms)
Platform modules already initialized, skipping
Registering precompiled user dll's ...
Registered in 0.014612 seconds.
Begin MonoManager ReloadAssembly
Native extension for WindowsStandalone target not found
Native extension for WebGL target not found
Refreshing native plugins compatible for Editor in 1.73 ms, found 2 plugins.
Preloading 0 native plugins for Editor in 0.00 ms.
Mono: successfully reloaded assembly
- Completed reload, in  3.559 seconds
Domain Reload Profiling:
	ReloadAssembly (3562ms)
		BeginReloadAssembly (360ms)
			ExecutionOrderSort (0ms)
			DisableScriptedObjects (11ms)
			BackupInstance (0ms)
			ReleaseScriptingObjects (0ms)
			CreateAndSetChildDomain (52ms)
		EndReloadAssembly (3030ms)
			LoadAssemblies (265ms)
			RebuildTransferFunctionScriptingTraits (0ms)
			SetupTypeCache (840ms)
			ReleaseScriptCaches (1ms)
			RebuildScriptCaches (162ms)
			SetupLoadedEditorAssemblies (1466ms)
				LogAssemblyErrors (0ms)
				InitializePlatformSupportModulesInManaged (19ms)
				SetLoadedEditorAssemblies (1ms)
				RefreshPlugins (2ms)
				BeforeProcessingInitializeOnLoad (285ms)
				ProcessInitializeOnLoadAttributes (1123ms)
				ProcessInitializeOnLoadMethodAttributes (12ms)
				AfterProcessingInitializeOnLoad (24ms)
				EditorAssembliesLoaded (1ms)
			ExecutionOrderSort2 (0ms)
			AwakeInstancesAfterBackupRestoration (18ms)
Platform modules already initialized, skipping
Assets/Prefabs/CabañaMedieval/ultimate building/ultimate building.c4d: Unity no longer supports importing Cinema 4D files directly, but we're working with Maxon to make the experience better. To import Cinema 4D files, install Maxon's external importer. You can find more information on the Unity Forum: https://on.unity.com/c4d.

Please note that FBX files exported from Cinema4D are still supported.

========================================================================
Worker process is ready to serve import requests
Assets/Prefabs/CabañaMedieval/ultimate building/ultimate building.c4d: Unity no longer supports importing Cinema 4D files directly, but we're working with Maxon to make the experience better. To import Cinema 4D files, install Maxon's external importer. You can find more information on the Unity Forum: https://on.unity.com/c4d.

Please note that FBX files exported from Cinema4D are still supported.

Launched and connected shader compiler UnityShaderCompiler.exe after 0.23 seconds
Refreshing native plugins compatible for Editor in 1.10 ms, found 2 plugins.
Preloading 0 native plugins for Editor in 0.00 ms.
Unloading 1513 Unused Serialized files (Serialized files now loaded: 0)
System memory in use before: 91.5 MB.
System memory in use after: 91.6 MB.

Unloading 18 unused Assets to reduce memory usage. Loaded Objects now: 1970.
Total: 9.616300 ms (FindLiveObjects: 0.512200 ms CreateObjectMapping: 0.104300 ms MarkObjects: 8.571800 ms  DeleteObjects: 0.423200 ms)

AssetImportParameters requested are different than current active one (requested -> active):
  custom:framework-win-MediaFoundation: 216162199b28c13a410421893ffa2e32 -> 
  custom:video-decoder-ogg-theora: a1e56fd34408186e4bbccfd4996cb3dc -> 
  custom:container-muxer-webm: aa71ff27fc2769a1b78a27578f13a17b -> 
  custom:container-demuxer-webm: 4f35f7cbe854078d1ac9338744f61a02 -> 
  custom:container-demuxer-ogg: 62fdf1f143b41e24485cea50d1cbac27 -> 
  custom:video-encoder-webm-vp8: eb34c28f22e8b96e1ab97ce403110664 -> 
  custom:video-decoder-webm-vp8: 9c59270c3fd7afecdb556c50c9e8de78 -> 
  custom:audio-decoder-ogg-vorbis: bf7c407c2cedff20999df2af8eb42d56 -> 
  custom:audio-encoder-webm-vorbis: bf7c407c2cedff20999df2af8eb42d56 -> 
========================================================================
Received Import Request.
  path: Assets/ColorTerreno.mat
  artifactKey: Guid(9bb5f3a0f96b8c14ca532483c3ba98fb) Importer(815301076,1909f56bfc062723c751e8b465ee728b)
Start importing Assets/ColorTerreno.mat using Guid(9bb5f3a0f96b8c14ca532483c3ba98fb) Importer(815301076,1909f56bfc062723c751e8b465ee728b)  -> (artifact id: '411d59172ddbabcfac1d007dbdde2fd3') in 2.070351 seconds 
  Import took 2.078862 seconds .

========================================================================
Received Import Request.
  Time since last request: 0.000681 seconds.
  path: Assets/New Terrain 1.asset
  artifactKey: Guid(f99d77e51fece344299489a558cac0d1) Importer(815301076,1909f56bfc062723c751e8b465ee728b)
Start importing Assets/New Terrain 1.asset using Guid(f99d77e51fece344299489a558cac0d1) Importer(815301076,1909f56bfc062723c751e8b465ee728b) The tree DeadTree couldn't be instanced because the prefab contains no valid mesh renderer.

 -> (artifact id: 'ff13e518f930a9c2b8da9960b8b7c4ff') in 0.137517 seconds 
  Import took 0.157638 seconds .

========================================================================
Received Import Request.
  Time since last request: 0.001064 seconds.
  path: Assets/New Terrain 2.asset
  artifactKey: Guid(0bd38a16660516441a2c9142d17b69e0) Importer(815301076,1909f56bfc062723c751e8b465ee728b)
Start importing Assets/New Terrain 2.asset using Guid(0bd38a16660516441a2c9142d17b69e0) Importer(815301076,1909f56bfc062723c751e8b465ee728b) The tree Broad Leaf Straight Trunk couldn't be instanced because the prefab contains no valid mesh renderer.

 -> (artifact id: 'c1a9bf7f2942cc00bd35ce79cba29f4e') in 0.108171 seconds 
  Import took 0.117617 seconds .

========================================================================
Received Import Request.
  Time since last request: 0.000616 seconds.
  path: Assets/New Terrain.asset
  artifactKey: Guid(4d3865e92501287428f7f8fad104eed3) Importer(815301076,1909f56bfc062723c751e8b465ee728b)
Start importing Assets/New Terrain.asset using Guid(4d3865e92501287428f7f8fad104eed3) Importer(815301076,1909f56bfc062723c751e8b465ee728b) The tree Broad Leaf Straight Trunk couldn't be instanced because the prefab contains no valid mesh renderer.

 -> (artifact id: '3d34c59233b88b3160b953aba442dd80') in 0.195885 seconds 
  Import took 0.205197 seconds .

========================================================================
Received Import Request.
  Time since last request: 8.054928 seconds.
  path: Assets/Scenes
  artifactKey: Guid(1463f8854882c994a96b6c7c0b72a76e) Importer(815301076,1909f56bfc062723c751e8b465ee728b)
Start importing Assets/Scenes using Guid(1463f8854882c994a96b6c7c0b72a76e) Importer(815301076,1909f56bfc062723c751e8b465ee728b)  -> (artifact id: 'd7daffdb2f2f19a017594b845a25644e') in 0.054773 seconds 
  Import took 0.067132 seconds .

========================================================================
Received Import Request.
  Time since last request: 2.302207 seconds.
  path: Assets/Scenes/New Scene.unity
  artifactKey: Guid(80e7d0ae2223c1545a851ee4684250c1) Importer(815301076,1909f56bfc062723c751e8b465ee728b)
Start importing Assets/Scenes/New Scene.unity using Guid(80e7d0ae2223c1545a851ee4684250c1) Importer(815301076,1909f56bfc062723c751e8b465ee728b)  -> (artifact id: '13e17466af741e3e8101aadbeadcfb12') in 0.057489 seconds 
  Import took 0.068107 seconds .

========================================================================
Received Import Request.
  Time since last request: 22.721379 seconds.
  path: Assets/Escenas
  artifactKey: Guid(9980e1802b565354291a9bb6f90068d0) Importer(815301076,1909f56bfc062723c751e8b465ee728b)
Start importing Assets/Escenas using Guid(9980e1802b565354291a9bb6f90068d0) Importer(815301076,1909f56bfc062723c751e8b465ee728b)  -> (artifact id: 'd8fdc5567c5902020dce6d0fb4e73d1c') in 0.082717 seconds 
  Import took 0.095531 seconds .

========================================================================
Received Import Request.
  Time since last request: 47.794044 seconds.
  path: Assets/Scenes/Ejercicios/5 Escenarios Tarea/Iglesia.unity
  artifactKey: Guid(2b886553093528e4e9a9aa9fa46fdbbe) Importer(815301076,1909f56bfc062723c751e8b465ee728b)
Start importing Assets/Scenes/Ejercicios/5 Escenarios Tarea/Iglesia.unity using Guid(2b886553093528e4e9a9aa9fa46fdbbe) Importer(815301076,1909f56bfc062723c751e8b465ee728b)  -> (artifact id: 'b5e6b4f9894b150e60ace9dc0fac4ff4') in 0.032581 seconds 
  Import took 0.053507 seconds .

========================================================================
Received Import Request.
  Time since last request: 11.685053 seconds.
  path: Assets/Scenes/Ejercicios/5 Escenarios Tarea/Consultorio.unity
  artifactKey: Guid(62be444f2f09b5a4aa80e2a5d7473268) Importer(815301076,1909f56bfc062723c751e8b465ee728b)
Start importing Assets/Scenes/Ejercicios/5 Escenarios Tarea/Consultorio.unity using Guid(62be444f2f09b5a4aa80e2a5d7473268) Importer(815301076,1909f56bfc062723c751e8b465ee728b)  -> (artifact id: 'c63391458b77f006fc194f662da63b71') in 0.468753 seconds 
  Import took 0.490739 seconds .

========================================================================
Received Import Request.
  Time since last request: 160.538479 seconds.
  path: Assets/Scenes/Ejercicios/5 Escenarios Tarea/Consultorio - Javier.unity
  artifactKey: Guid(62be444f2f09b5a4aa80e2a5d7473268) Importer(815301076,1909f56bfc062723c751e8b465ee728b)
Start importing Assets/Scenes/Ejercicios/5 Escenarios Tarea/Consultorio - Javier.unity using Guid(62be444f2f09b5a4aa80e2a5d7473268) Importer(815301076,1909f56bfc062723c751e8b465ee728b)  -> (artifact id: 'de8ed0a97322167c36b80ccb2b253379') in 0.154271 seconds 
  Import took 0.163791 seconds .

========================================================================
Received Import Request.
  Time since last request: 33.266110 seconds.
  path: Assets/Scenes/Ejercicios/5 Escenarios Tarea/Iglesia - Javier.unity
  artifactKey: Guid(2b886553093528e4e9a9aa9fa46fdbbe) Importer(815301076,1909f56bfc062723c751e8b465ee728b)
Start importing Assets/Scenes/Ejercicios/5 Escenarios Tarea/Iglesia - Javier.unity using Guid(2b886553093528e4e9a9aa9fa46fdbbe) Importer(815301076,1909f56bfc062723c751e8b465ee728b)  -> (artifact id: '7b95ea7549c8be1852535c24b7fc9074') in 0.071914 seconds 
  Import took 0.082465 seconds .

========================================================================
Received Import Request.
  Time since last request: 1682.846775 seconds.
  path: Assets/Scenes/Proyecto/Escenario Proy 2.unity
  artifactKey: Guid(72296bad99cf7b54fa4f68c2e0f04941) Importer(815301076,1909f56bfc062723c751e8b465ee728b)
Start importing Assets/Scenes/Proyecto/Escenario Proy 2.unity using Guid(72296bad99cf7b54fa4f68c2e0f04941) Importer(815301076,1909f56bfc062723c751e8b465ee728b)  -> (artifact id: 'b601e87c1f5c7b4c1039bcd28e2664cf') in 0.074677 seconds 
  Import took 0.084991 seconds .

========================================================================
Received Prepare
Assets/Prefabs/CabañaMedieval/ultimate building/ultimate building.c4d: Unity no longer supports importing Cinema 4D files directly, but we're working with Maxon to make the experience better. To import Cinema 4D files, install Maxon's external importer. You can find more information on the Unity Forum: https://on.unity.com/c4d.

Please note that FBX files exported from Cinema4D are still supported.

Registering precompiled user dll's ...
Registered in 0.014951 seconds.
Begin MonoManager ReloadAssembly
Native extension for WindowsStandalone target not found
Native extension for WebGL target not found
Refreshing native plugins compatible for Editor in 1.51 ms, found 2 plugins.
Preloading 0 native plugins for Editor in 0.00 ms.
Mono: successfully reloaded assembly
- Completed reload, in  3.606 seconds
Domain Reload Profiling:
	ReloadAssembly (3609ms)
		BeginReloadAssembly (604ms)
			ExecutionOrderSort (2ms)
			DisableScriptedObjects (35ms)
			BackupInstance (0ms)
			ReleaseScriptingObjects (0ms)
			CreateAndSetChildDomain (212ms)
		EndReloadAssembly (2814ms)
			LoadAssemblies (432ms)
			RebuildTransferFunctionScriptingTraits (0ms)
			SetupTypeCache (855ms)
			ReleaseScriptCaches (2ms)
			RebuildScriptCaches (123ms)
			SetupLoadedEditorAssemblies (1244ms)
				LogAssemblyErrors (0ms)
				InitializePlatformSupportModulesInManaged (17ms)
				SetLoadedEditorAssemblies (1ms)
				RefreshPlugins (2ms)
				BeforeProcessingInitializeOnLoad (235ms)
				ProcessInitializeOnLoadAttributes (955ms)
				ProcessInitializeOnLoadMethodAttributes (11ms)
				AfterProcessingInitializeOnLoad (23ms)
				EditorAssembliesLoaded (1ms)
			ExecutionOrderSort2 (0ms)
			AwakeInstancesAfterBackupRestoration (20ms)
Platform modules already initialized, skipping
Refreshing native plugins compatible for Editor in 1.81 ms, found 2 plugins.
Preloading 0 native plugins for Editor in 0.00 ms.
Unloading 1489 Unused Serialized files (Serialized files now loaded: 0)
System memory in use before: 93.2 MB.
System memory in use after: 93.3 MB.

Unloading 13 unused Assets to reduce memory usage. Loaded Objects now: 2013.
Total: 8.814500 ms (FindLiveObjects: 0.545200 ms CreateObjectMapping: 0.111200 ms MarkObjects: 7.997500 ms  DeleteObjects: 0.155800 ms)

AssetImportParameters requested are different than current active one (requested -> active):
  custom:framework-win-MediaFoundation: 216162199b28c13a410421893ffa2e32 -> 
  custom:video-decoder-ogg-theora: a1e56fd34408186e4bbccfd4996cb3dc -> 
  custom:container-muxer-webm: aa71ff27fc2769a1b78a27578f13a17b -> 
  custom:container-demuxer-webm: 4f35f7cbe854078d1ac9338744f61a02 -> 
  custom:container-demuxer-ogg: 62fdf1f143b41e24485cea50d1cbac27 -> 
  custom:video-encoder-webm-vp8: eb34c28f22e8b96e1ab97ce403110664 -> 
  custom:video-decoder-webm-vp8: 9c59270c3fd7afecdb556c50c9e8de78 -> 
  custom:audio-decoder-ogg-vorbis: bf7c407c2cedff20999df2af8eb42d56 -> 
  custom:audio-encoder-webm-vorbis: bf7c407c2cedff20999df2af8eb42d56 -> 
AssetImportWorkerClient::OnTransportError - code=2 error=End of file
